CRITICAL - 2023-08-10 01:32:56 --> Undefined array key "product_name "
in APPPATH\Views\product\v_list.php on line 16.
 1 APPPATH\Views\product\v_list.php(16): CodeIgniter\Debug\Exceptions->errorHandler(2, 'Undefined array key "product_name "', 'C:\\xampp\\htdocs\\pklundhari2023\\app\\Views\\product\\v_list.php', 16)
 2 SYSTEMPATH\View\View.php(224): include('C:\\xampp\\htdocs\\pklundhari2023\\app\\Views\\product\\v_list.php')
 3 SYSTEMPATH\View\View.php(227): CodeIgniter\View\View->CodeIgniter\View\{closure}()
 4 SYSTEMPATH\Common.php(1176): CodeIgniter\View\View->render('product/v_list', [], true)
 5 APPPATH\Views\layout\v_content.php(5): view('product/v_list')
 6 SYSTEMPATH\View\View.php(224): include('C:\\xampp\\htdocs\\pklundhari2023\\app\\Views\\layout\\v_content.php')
 7 SYSTEMPATH\View\View.php(227): CodeIgniter\View\View->CodeIgniter\View\{closure}()
 8 SYSTEMPATH\Common.php(1176): CodeIgniter\View\View->render('layout/v_content.php', [], true)
 9 APPPATH\Views\layout\v_wrapper.php(5): view('layout/v_content.php')
10 SYSTEMPATH\View\View.php(224): include('C:\\xampp\\htdocs\\pklundhari2023\\app\\Views\\layout\\v_wrapper.php')
11 SYSTEMPATH\View\View.php(227): CodeIgniter\View\View->CodeIgniter\View\{closure}()
12 SYSTEMPATH\Common.php(1176): CodeIgniter\View\View->render('layout/v_wrapper', [], true)
13 APPPATH\Controllers\Product.php(24): view('layout/v_wrapper', [...])
14 SYSTEMPATH\CodeIgniter.php(932): App\Controllers\Product->index()
15 SYSTEMPATH\CodeIgniter.php(497): CodeIgniter\CodeIgniter->runController(Object(App\Controllers\Product))
16 SYSTEMPATH\CodeIgniter.php(366): CodeIgniter\CodeIgniter->handleRequest(null, Object(Config\Cache), false)
17 FCPATH\index.php(67): CodeIgniter\CodeIgniter->run()
CRITICAL - 2023-08-10 01:34:06 --> Undefined array key "product_name"
in APPPATH\Views\product\v_list.php on line 16.
 1 APPPATH\Views\product\v_list.php(16): CodeIgniter\Debug\Exceptions->errorHandler(2, 'Undefined array key "product_name"', 'C:\\xampp\\htdocs\\pklundhari2023\\app\\Views\\product\\v_list.php', 16)
 2 SYSTEMPATH\View\View.php(224): include('C:\\xampp\\htdocs\\pklundhari2023\\app\\Views\\product\\v_list.php')
 3 SYSTEMPATH\View\View.php(227): CodeIgniter\View\View->CodeIgniter\View\{closure}()
 4 SYSTEMPATH\Common.php(1176): CodeIgniter\View\View->render('product/v_list', [], true)
 5 APPPATH\Views\layout\v_content.php(5): view('product/v_list')
 6 SYSTEMPATH\View\View.php(224): include('C:\\xampp\\htdocs\\pklundhari2023\\app\\Views\\layout\\v_content.php')
 7 SYSTEMPATH\View\View.php(227): CodeIgniter\View\View->CodeIgniter\View\{closure}()
 8 SYSTEMPATH\Common.php(1176): CodeIgniter\View\View->render('layout/v_content.php', [], true)
 9 APPPATH\Views\layout\v_wrapper.php(5): view('layout/v_content.php')
10 SYSTEMPATH\View\View.php(224): include('C:\\xampp\\htdocs\\pklundhari2023\\app\\Views\\layout\\v_wrapper.php')
11 SYSTEMPATH\View\View.php(227): CodeIgniter\View\View->CodeIgniter\View\{closure}()
12 SYSTEMPATH\Common.php(1176): CodeIgniter\View\View->render('layout/v_wrapper', [], true)
13 APPPATH\Controllers\Product.php(24): view('layout/v_wrapper', [...])
14 SYSTEMPATH\CodeIgniter.php(932): App\Controllers\Product->index()
15 SYSTEMPATH\CodeIgniter.php(497): CodeIgniter\CodeIgniter->runController(Object(App\Controllers\Product))
16 SYSTEMPATH\CodeIgniter.php(366): CodeIgniter\CodeIgniter->handleRequest(null, Object(Config\Cache), false)
17 FCPATH\index.php(67): CodeIgniter\CodeIgniter->run()
CRITICAL - 2023-08-10 01:35:24 --> Undefined array key "product_name"
in APPPATH\Views\product\v_list.php on line 16.
 1 APPPATH\Views\product\v_list.php(16): CodeIgniter\Debug\Exceptions->errorHandler(2, 'Undefined array key "product_name"', 'C:\\xampp\\htdocs\\pklundhari2023\\app\\Views\\product\\v_list.php', 16)
 2 SYSTEMPATH\View\View.php(224): include('C:\\xampp\\htdocs\\pklundhari2023\\app\\Views\\product\\v_list.php')
 3 SYSTEMPATH\View\View.php(227): CodeIgniter\View\View->CodeIgniter\View\{closure}()
 4 SYSTEMPATH\Common.php(1176): CodeIgniter\View\View->render('product/v_list', [], true)
 5 APPPATH\Views\layout\v_content.php(5): view('product/v_list')
 6 SYSTEMPATH\View\View.php(224): include('C:\\xampp\\htdocs\\pklundhari2023\\app\\Views\\layout\\v_content.php')
 7 SYSTEMPATH\View\View.php(227): CodeIgniter\View\View->CodeIgniter\View\{closure}()
 8 SYSTEMPATH\Common.php(1176): CodeIgniter\View\View->render('layout/v_content.php', [], true)
 9 APPPATH\Views\layout\v_wrapper.php(5): view('layout/v_content.php')
10 SYSTEMPATH\View\View.php(224): include('C:\\xampp\\htdocs\\pklundhari2023\\app\\Views\\layout\\v_wrapper.php')
11 SYSTEMPATH\View\View.php(227): CodeIgniter\View\View->CodeIgniter\View\{closure}()
12 SYSTEMPATH\Common.php(1176): CodeIgniter\View\View->render('layout/v_wrapper', [], true)
13 APPPATH\Controllers\Product.php(24): view('layout/v_wrapper', [...])
14 SYSTEMPATH\CodeIgniter.php(932): App\Controllers\Product->index()
15 SYSTEMPATH\CodeIgniter.php(497): CodeIgniter\CodeIgniter->runController(Object(App\Controllers\Product))
16 SYSTEMPATH\CodeIgniter.php(366): CodeIgniter\CodeIgniter->handleRequest(null, Object(Config\Cache), false)
17 FCPATH\index.php(67): CodeIgniter\CodeIgniter->run()
CRITICAL - 2023-08-10 01:37:12 --> Undefined array key "product_name"
in APPPATH\Views\product\v_list.php on line 16.
 1 APPPATH\Views\product\v_list.php(16): CodeIgniter\Debug\Exceptions->errorHandler(2, 'Undefined array key "product_name"', 'C:\\xampp\\htdocs\\pklundhari2023\\app\\Views\\product\\v_list.php', 16)
 2 SYSTEMPATH\View\View.php(224): include('C:\\xampp\\htdocs\\pklundhari2023\\app\\Views\\product\\v_list.php')
 3 SYSTEMPATH\View\View.php(227): CodeIgniter\View\View->CodeIgniter\View\{closure}()
 4 SYSTEMPATH\Common.php(1176): CodeIgniter\View\View->render('product/v_list', [], true)
 5 APPPATH\Views\layout\v_content.php(5): view('product/v_list')
 6 SYSTEMPATH\View\View.php(224): include('C:\\xampp\\htdocs\\pklundhari2023\\app\\Views\\layout\\v_content.php')
 7 SYSTEMPATH\View\View.php(227): CodeIgniter\View\View->CodeIgniter\View\{closure}()
 8 SYSTEMPATH\Common.php(1176): CodeIgniter\View\View->render('layout/v_content.php', [], true)
 9 APPPATH\Views\layout\v_wrapper.php(5): view('layout/v_content.php')
10 SYSTEMPATH\View\View.php(224): include('C:\\xampp\\htdocs\\pklundhari2023\\app\\Views\\layout\\v_wrapper.php')
11 SYSTEMPATH\View\View.php(227): CodeIgniter\View\View->CodeIgniter\View\{closure}()
12 SYSTEMPATH\Common.php(1176): CodeIgniter\View\View->render('layout/v_wrapper', [], true)
13 APPPATH\Controllers\Product.php(24): view('layout/v_wrapper', [...])
14 SYSTEMPATH\CodeIgniter.php(932): App\Controllers\Product->index()
15 SYSTEMPATH\CodeIgniter.php(497): CodeIgniter\CodeIgniter->runController(Object(App\Controllers\Product))
16 SYSTEMPATH\CodeIgniter.php(366): CodeIgniter\CodeIgniter->handleRequest(null, Object(Config\Cache), false)
17 FCPATH\index.php(67): CodeIgniter\CodeIgniter->run()
CRITICAL - 2023-08-10 01:37:16 --> Undefined array key "product_name"
in APPPATH\Views\product\v_list.php on line 16.
 1 APPPATH\Views\product\v_list.php(16): CodeIgniter\Debug\Exceptions->errorHandler(2, 'Undefined array key "product_name"', 'C:\\xampp\\htdocs\\pklundhari2023\\app\\Views\\product\\v_list.php', 16)
 2 SYSTEMPATH\View\View.php(224): include('C:\\xampp\\htdocs\\pklundhari2023\\app\\Views\\product\\v_list.php')
 3 SYSTEMPATH\View\View.php(227): CodeIgniter\View\View->CodeIgniter\View\{closure}()
 4 SYSTEMPATH\Common.php(1176): CodeIgniter\View\View->render('product/v_list', [], true)
 5 APPPATH\Views\layout\v_content.php(5): view('product/v_list')
 6 SYSTEMPATH\View\View.php(224): include('C:\\xampp\\htdocs\\pklundhari2023\\app\\Views\\layout\\v_content.php')
 7 SYSTEMPATH\View\View.php(227): CodeIgniter\View\View->CodeIgniter\View\{closure}()
 8 SYSTEMPATH\Common.php(1176): CodeIgniter\View\View->render('layout/v_content.php', [], true)
 9 APPPATH\Views\layout\v_wrapper.php(5): view('layout/v_content.php')
10 SYSTEMPATH\View\View.php(224): include('C:\\xampp\\htdocs\\pklundhari2023\\app\\Views\\layout\\v_wrapper.php')
11 SYSTEMPATH\View\View.php(227): CodeIgniter\View\View->CodeIgniter\View\{closure}()
12 SYSTEMPATH\Common.php(1176): CodeIgniter\View\View->render('layout/v_wrapper', [], true)
13 APPPATH\Controllers\Product.php(24): view('layout/v_wrapper', [...])
14 SYSTEMPATH\CodeIgniter.php(932): App\Controllers\Product->index()
15 SYSTEMPATH\CodeIgniter.php(497): CodeIgniter\CodeIgniter->runController(Object(App\Controllers\Product))
16 SYSTEMPATH\CodeIgniter.php(366): CodeIgniter\CodeIgniter->handleRequest(null, Object(Config\Cache), false)
17 FCPATH\index.php(67): CodeIgniter\CodeIgniter->run()
CRITICAL - 2023-08-10 01:54:24 --> syntax error, unexpected identifier "url", expecting "," or ";"
in APPPATH\Views\layout\v_footer.php on line 25.
 1 SYSTEMPATH\View\View.php(227): CodeIgniter\View\View->CodeIgniter\View\{closure}()
 2 SYSTEMPATH\Common.php(1176): CodeIgniter\View\View->render('layout/v_footer.php', [], true)
 3 APPPATH\Views\layout\v_wrapper.php(6): view('layout/v_footer.php')
 4 SYSTEMPATH\View\View.php(224): include('C:\\xampp\\htdocs\\pklundhari2023\\app\\Views\\layout\\v_wrapper.php')
 5 SYSTEMPATH\View\View.php(227): CodeIgniter\View\View->CodeIgniter\View\{closure}()
 6 SYSTEMPATH\Common.php(1176): CodeIgniter\View\View->render('layout/v_wrapper', [], true)
 7 APPPATH\Controllers\Product.php(24): view('layout/v_wrapper', [...])
 8 SYSTEMPATH\CodeIgniter.php(932): App\Controllers\Product->index()
 9 SYSTEMPATH\CodeIgniter.php(497): CodeIgniter\CodeIgniter->runController(Object(App\Controllers\Product))
10 SYSTEMPATH\CodeIgniter.php(366): CodeIgniter\CodeIgniter->handleRequest(null, Object(Config\Cache), false)
11 FCPATH\index.php(67): CodeIgniter\CodeIgniter->run()
ERROR - 2023-08-10 03:26:19 --> mysqli_sql_exception: Column 'prodcut_name' cannot be null in C:\xampp\htdocs\pklundhari2023\system\Database\MySQLi\Connection.php:295
Stack trace:
#0 C:\xampp\htdocs\pklundhari2023\system\Database\MySQLi\Connection.php(295): mysqli->query('INSERT INTO `pr...', 0)
#1 C:\xampp\htdocs\pklundhari2023\system\Database\BaseConnection.php(692): CodeIgniter\Database\MySQLi\Connection->execute('INSERT INTO `pr...')
#2 C:\xampp\htdocs\pklundhari2023\system\Database\BaseConnection.php(606): CodeIgniter\Database\BaseConnection->simpleQuery('INSERT INTO `pr...')
#3 C:\xampp\htdocs\pklundhari2023\system\Database\BaseBuilder.php(2309): CodeIgniter\Database\BaseConnection->query('INSERT INTO `pr...', Array, false)
#4 C:\xampp\htdocs\pklundhari2023\app\Models\ProductModel.php(16): CodeIgniter\Database\BaseBuilder->insert(Array)
#5 C:\xampp\htdocs\pklundhari2023\app\Controllers\Product.php(42): App\Models\ProductModel->insert_product(Array)
#6 C:\xampp\htdocs\pklundhari2023\system\CodeIgniter.php(932): App\Controllers\Product->save()
#7 C:\xampp\htdocs\pklundhari2023\system\CodeIgniter.php(497): CodeIgniter\CodeIgniter->runController(Object(App\Controllers\Product))
#8 C:\xampp\htdocs\pklundhari2023\system\CodeIgniter.php(366): CodeIgniter\CodeIgniter->handleRequest(NULL, Object(Config\Cache), false)
#9 C:\xampp\htdocs\pklundhari2023\public\index.php(67): CodeIgniter\CodeIgniter->run()
#10 {main}
CRITICAL - 2023-08-10 03:26:20 --> Column 'prodcut_name' cannot be null
in SYSTEMPATH\Database\MySQLi\Connection.php on line 295.
 1 SYSTEMPATH\Database\MySQLi\Connection.php(295): mysqli->query('INSERT INTO `product` (`prodcut_name`, `product_description`) VALUES (NULL, NULL)', 0)
 2 SYSTEMPATH\Database\BaseConnection.php(692): CodeIgniter\Database\MySQLi\Connection->execute('INSERT INTO `product` (`prodcut_name`, `product_description`) VALUES (NULL, NULL)')
 3 SYSTEMPATH\Database\BaseConnection.php(606): CodeIgniter\Database\BaseConnection->simpleQuery('INSERT INTO `product` (`prodcut_name`, `product_description`) VALUES (NULL, NULL)')
 4 SYSTEMPATH\Database\BaseBuilder.php(2309): CodeIgniter\Database\BaseConnection->query('INSERT INTO `product` (`prodcut_name`, `product_description`) VALUES (:prodcut_name:, :product_description:)', [...], false)
 5 APPPATH\Models\ProductModel.php(16): CodeIgniter\Database\BaseBuilder->insert([...])
 6 APPPATH\Controllers\Product.php(42): App\Models\ProductModel->insert_product([...])
 7 SYSTEMPATH\CodeIgniter.php(932): App\Controllers\Product->save()
 8 SYSTEMPATH\CodeIgniter.php(497): CodeIgniter\CodeIgniter->runController(Object(App\Controllers\Product))
 9 SYSTEMPATH\CodeIgniter.php(366): CodeIgniter\CodeIgniter->handleRequest(null, Object(Config\Cache), false)
10 FCPATH\index.php(67): CodeIgniter\CodeIgniter->run()
ERROR - 2023-08-10 03:26:55 --> mysqli_sql_exception: Column 'prodcut_name' cannot be null in C:\xampp\htdocs\pklundhari2023\system\Database\MySQLi\Connection.php:295
Stack trace:
#0 C:\xampp\htdocs\pklundhari2023\system\Database\MySQLi\Connection.php(295): mysqli->query('INSERT INTO `pr...', 0)
#1 C:\xampp\htdocs\pklundhari2023\system\Database\BaseConnection.php(692): CodeIgniter\Database\MySQLi\Connection->execute('INSERT INTO `pr...')
#2 C:\xampp\htdocs\pklundhari2023\system\Database\BaseConnection.php(606): CodeIgniter\Database\BaseConnection->simpleQuery('INSERT INTO `pr...')
#3 C:\xampp\htdocs\pklundhari2023\system\Database\BaseBuilder.php(2309): CodeIgniter\Database\BaseConnection->query('INSERT INTO `pr...', Array, false)
#4 C:\xampp\htdocs\pklundhari2023\app\Models\ProductModel.php(16): CodeIgniter\Database\BaseBuilder->insert(Array)
#5 C:\xampp\htdocs\pklundhari2023\app\Controllers\Product.php(42): App\Models\ProductModel->insert_product(Array)
#6 C:\xampp\htdocs\pklundhari2023\system\CodeIgniter.php(932): App\Controllers\Product->save()
#7 C:\xampp\htdocs\pklundhari2023\system\CodeIgniter.php(497): CodeIgniter\CodeIgniter->runController(Object(App\Controllers\Product))
#8 C:\xampp\htdocs\pklundhari2023\system\CodeIgniter.php(366): CodeIgniter\CodeIgniter->handleRequest(NULL, Object(Config\Cache), false)
#9 C:\xampp\htdocs\pklundhari2023\public\index.php(67): CodeIgniter\CodeIgniter->run()
#10 {main}
CRITICAL - 2023-08-10 03:26:55 --> Column 'prodcut_name' cannot be null
in SYSTEMPATH\Database\MySQLi\Connection.php on line 295.
 1 SYSTEMPATH\Database\MySQLi\Connection.php(295): mysqli->query('INSERT INTO `product` (`prodcut_name`, `product_description`) VALUES (NULL, NULL)', 0)
 2 SYSTEMPATH\Database\BaseConnection.php(692): CodeIgniter\Database\MySQLi\Connection->execute('INSERT INTO `product` (`prodcut_name`, `product_description`) VALUES (NULL, NULL)')
 3 SYSTEMPATH\Database\BaseConnection.php(606): CodeIgniter\Database\BaseConnection->simpleQuery('INSERT INTO `product` (`prodcut_name`, `product_description`) VALUES (NULL, NULL)')
 4 SYSTEMPATH\Database\BaseBuilder.php(2309): CodeIgniter\Database\BaseConnection->query('INSERT INTO `product` (`prodcut_name`, `product_description`) VALUES (:prodcut_name:, :product_description:)', [...], false)
 5 APPPATH\Models\ProductModel.php(16): CodeIgniter\Database\BaseBuilder->insert([...])
 6 APPPATH\Controllers\Product.php(42): App\Models\ProductModel->insert_product([...])
 7 SYSTEMPATH\CodeIgniter.php(932): App\Controllers\Product->save()
 8 SYSTEMPATH\CodeIgniter.php(497): CodeIgniter\CodeIgniter->runController(Object(App\Controllers\Product))
 9 SYSTEMPATH\CodeIgniter.php(366): CodeIgniter\CodeIgniter->handleRequest(null, Object(Config\Cache), false)
10 FCPATH\index.php(67): CodeIgniter\CodeIgniter->run()
ERROR - 2023-08-10 03:29:04 --> mysqli_sql_exception: Column 'prodcut_name' cannot be null in C:\xampp\htdocs\pklundhari2023\system\Database\MySQLi\Connection.php:295
Stack trace:
#0 C:\xampp\htdocs\pklundhari2023\system\Database\MySQLi\Connection.php(295): mysqli->query('INSERT INTO `pr...', 0)
#1 C:\xampp\htdocs\pklundhari2023\system\Database\BaseConnection.php(692): CodeIgniter\Database\MySQLi\Connection->execute('INSERT INTO `pr...')
#2 C:\xampp\htdocs\pklundhari2023\system\Database\BaseConnection.php(606): CodeIgniter\Database\BaseConnection->simpleQuery('INSERT INTO `pr...')
#3 C:\xampp\htdocs\pklundhari2023\system\Database\BaseBuilder.php(2309): CodeIgniter\Database\BaseConnection->query('INSERT INTO `pr...', Array, false)
#4 C:\xampp\htdocs\pklundhari2023\app\Models\ProductModel.php(16): CodeIgniter\Database\BaseBuilder->insert(Array)
#5 C:\xampp\htdocs\pklundhari2023\app\Controllers\Product.php(42): App\Models\ProductModel->insert_product(Array)
#6 C:\xampp\htdocs\pklundhari2023\system\CodeIgniter.php(932): App\Controllers\Product->save()
#7 C:\xampp\htdocs\pklundhari2023\system\CodeIgniter.php(497): CodeIgniter\CodeIgniter->runController(Object(App\Controllers\Product))
#8 C:\xampp\htdocs\pklundhari2023\system\CodeIgniter.php(366): CodeIgniter\CodeIgniter->handleRequest(NULL, Object(Config\Cache), false)
#9 C:\xampp\htdocs\pklundhari2023\public\index.php(67): CodeIgniter\CodeIgniter->run()
#10 {main}
CRITICAL - 2023-08-10 03:29:04 --> Column 'prodcut_name' cannot be null
in SYSTEMPATH\Database\MySQLi\Connection.php on line 295.
 1 SYSTEMPATH\Database\MySQLi\Connection.php(295): mysqli->query('INSERT INTO `product` (`prodcut_name`, `product_description`) VALUES (NULL, \'channel\')', 0)
 2 SYSTEMPATH\Database\BaseConnection.php(692): CodeIgniter\Database\MySQLi\Connection->execute('INSERT INTO `product` (`prodcut_name`, `product_description`) VALUES (NULL, \'channel\')')
 3 SYSTEMPATH\Database\BaseConnection.php(606): CodeIgniter\Database\BaseConnection->simpleQuery('INSERT INTO `product` (`prodcut_name`, `product_description`) VALUES (NULL, \'channel\')')
 4 SYSTEMPATH\Database\BaseBuilder.php(2309): CodeIgniter\Database\BaseConnection->query('INSERT INTO `product` (`prodcut_name`, `product_description`) VALUES (:prodcut_name:, :product_description:)', [...], false)
 5 APPPATH\Models\ProductModel.php(16): CodeIgniter\Database\BaseBuilder->insert([...])
 6 APPPATH\Controllers\Product.php(42): App\Models\ProductModel->insert_product([...])
 7 SYSTEMPATH\CodeIgniter.php(932): App\Controllers\Product->save()
 8 SYSTEMPATH\CodeIgniter.php(497): CodeIgniter\CodeIgniter->runController(Object(App\Controllers\Product))
 9 SYSTEMPATH\CodeIgniter.php(366): CodeIgniter\CodeIgniter->handleRequest(null, Object(Config\Cache), false)
10 FCPATH\index.php(67): CodeIgniter\CodeIgniter->run()
ERROR - 2023-08-10 03:30:34 --> mysqli_sql_exception: Column 'prodcut_name' cannot be null in C:\xampp\htdocs\pklundhari2023\system\Database\MySQLi\Connection.php:295
Stack trace:
#0 C:\xampp\htdocs\pklundhari2023\system\Database\MySQLi\Connection.php(295): mysqli->query('INSERT INTO `pr...', 0)
#1 C:\xampp\htdocs\pklundhari2023\system\Database\BaseConnection.php(692): CodeIgniter\Database\MySQLi\Connection->execute('INSERT INTO `pr...')
#2 C:\xampp\htdocs\pklundhari2023\system\Database\BaseConnection.php(606): CodeIgniter\Database\BaseConnection->simpleQuery('INSERT INTO `pr...')
#3 C:\xampp\htdocs\pklundhari2023\system\Database\BaseBuilder.php(2309): CodeIgniter\Database\BaseConnection->query('INSERT INTO `pr...', Array, false)
#4 C:\xampp\htdocs\pklundhari2023\app\Models\ProductModel.php(16): CodeIgniter\Database\BaseBuilder->insert(Array)
#5 C:\xampp\htdocs\pklundhari2023\app\Controllers\Product.php(42): App\Models\ProductModel->insert_product(Array)
#6 C:\xampp\htdocs\pklundhari2023\system\CodeIgniter.php(932): App\Controllers\Product->save()
#7 C:\xampp\htdocs\pklundhari2023\system\CodeIgniter.php(497): CodeIgniter\CodeIgniter->runController(Object(App\Controllers\Product))
#8 C:\xampp\htdocs\pklundhari2023\system\CodeIgniter.php(366): CodeIgniter\CodeIgniter->handleRequest(NULL, Object(Config\Cache), false)
#9 C:\xampp\htdocs\pklundhari2023\public\index.php(67): CodeIgniter\CodeIgniter->run()
#10 {main}
CRITICAL - 2023-08-10 03:30:34 --> Column 'prodcut_name' cannot be null
in SYSTEMPATH\Database\MySQLi\Connection.php on line 295.
 1 SYSTEMPATH\Database\MySQLi\Connection.php(295): mysqli->query('INSERT INTO `product` (`prodcut_name`, `product_description`) VALUES (NULL, \'channel\')', 0)
 2 SYSTEMPATH\Database\BaseConnection.php(692): CodeIgniter\Database\MySQLi\Connection->execute('INSERT INTO `product` (`prodcut_name`, `product_description`) VALUES (NULL, \'channel\')')
 3 SYSTEMPATH\Database\BaseConnection.php(606): CodeIgniter\Database\BaseConnection->simpleQuery('INSERT INTO `product` (`prodcut_name`, `product_description`) VALUES (NULL, \'channel\')')
 4 SYSTEMPATH\Database\BaseBuilder.php(2309): CodeIgniter\Database\BaseConnection->query('INSERT INTO `product` (`prodcut_name`, `product_description`) VALUES (:prodcut_name:, :product_description:)', [...], false)
 5 APPPATH\Models\ProductModel.php(16): CodeIgniter\Database\BaseBuilder->insert([...])
 6 APPPATH\Controllers\Product.php(42): App\Models\ProductModel->insert_product([...])
 7 SYSTEMPATH\CodeIgniter.php(932): App\Controllers\Product->save()
 8 SYSTEMPATH\CodeIgniter.php(497): CodeIgniter\CodeIgniter->runController(Object(App\Controllers\Product))
 9 SYSTEMPATH\CodeIgniter.php(366): CodeIgniter\CodeIgniter->handleRequest(null, Object(Config\Cache), false)
10 FCPATH\index.php(67): CodeIgniter\CodeIgniter->run()
ERROR - 2023-08-10 03:31:10 --> mysqli_sql_exception: Column 'prodcut_name' cannot be null in C:\xampp\htdocs\pklundhari2023\system\Database\MySQLi\Connection.php:295
Stack trace:
#0 C:\xampp\htdocs\pklundhari2023\system\Database\MySQLi\Connection.php(295): mysqli->query('INSERT INTO `pr...', 0)
#1 C:\xampp\htdocs\pklundhari2023\system\Database\BaseConnection.php(692): CodeIgniter\Database\MySQLi\Connection->execute('INSERT INTO `pr...')
#2 C:\xampp\htdocs\pklundhari2023\system\Database\BaseConnection.php(606): CodeIgniter\Database\BaseConnection->simpleQuery('INSERT INTO `pr...')
#3 C:\xampp\htdocs\pklundhari2023\system\Database\BaseBuilder.php(2309): CodeIgniter\Database\BaseConnection->query('INSERT INTO `pr...', Array, false)
#4 C:\xampp\htdocs\pklundhari2023\app\Models\ProductModel.php(16): CodeIgniter\Database\BaseBuilder->insert(Array)
#5 C:\xampp\htdocs\pklundhari2023\app\Controllers\Product.php(42): App\Models\ProductModel->insert_product(Array)
#6 C:\xampp\htdocs\pklundhari2023\system\CodeIgniter.php(932): App\Controllers\Product->save()
#7 C:\xampp\htdocs\pklundhari2023\system\CodeIgniter.php(497): CodeIgniter\CodeIgniter->runController(Object(App\Controllers\Product))
#8 C:\xampp\htdocs\pklundhari2023\system\CodeIgniter.php(366): CodeIgniter\CodeIgniter->handleRequest(NULL, Object(Config\Cache), false)
#9 C:\xampp\htdocs\pklundhari2023\public\index.php(67): CodeIgniter\CodeIgniter->run()
#10 {main}
CRITICAL - 2023-08-10 03:31:10 --> Column 'prodcut_name' cannot be null
in SYSTEMPATH\Database\MySQLi\Connection.php on line 295.
 1 SYSTEMPATH\Database\MySQLi\Connection.php(295): mysqli->query('INSERT INTO `product` (`prodcut_name`, `product_description`) VALUES (NULL, \'channel\')', 0)
 2 SYSTEMPATH\Database\BaseConnection.php(692): CodeIgniter\Database\MySQLi\Connection->execute('INSERT INTO `product` (`prodcut_name`, `product_description`) VALUES (NULL, \'channel\')')
 3 SYSTEMPATH\Database\BaseConnection.php(606): CodeIgniter\Database\BaseConnection->simpleQuery('INSERT INTO `product` (`prodcut_name`, `product_description`) VALUES (NULL, \'channel\')')
 4 SYSTEMPATH\Database\BaseBuilder.php(2309): CodeIgniter\Database\BaseConnection->query('INSERT INTO `product` (`prodcut_name`, `product_description`) VALUES (:prodcut_name:, :product_description:)', [...], false)
 5 APPPATH\Models\ProductModel.php(16): CodeIgniter\Database\BaseBuilder->insert([...])
 6 APPPATH\Controllers\Product.php(42): App\Models\ProductModel->insert_product([...])
 7 SYSTEMPATH\CodeIgniter.php(932): App\Controllers\Product->save()
 8 SYSTEMPATH\CodeIgniter.php(497): CodeIgniter\CodeIgniter->runController(Object(App\Controllers\Product))
 9 SYSTEMPATH\CodeIgniter.php(366): CodeIgniter\CodeIgniter->handleRequest(null, Object(Config\Cache), false)
10 FCPATH\index.php(67): CodeIgniter\CodeIgniter->run()
ERROR - 2023-08-10 03:32:46 --> mysqli_sql_exception: Column 'prodcut_name' cannot be null in C:\xampp\htdocs\pklundhari2023\system\Database\MySQLi\Connection.php:295
Stack trace:
#0 C:\xampp\htdocs\pklundhari2023\system\Database\MySQLi\Connection.php(295): mysqli->query('INSERT INTO `pr...', 0)
#1 C:\xampp\htdocs\pklundhari2023\system\Database\BaseConnection.php(692): CodeIgniter\Database\MySQLi\Connection->execute('INSERT INTO `pr...')
#2 C:\xampp\htdocs\pklundhari2023\system\Database\BaseConnection.php(606): CodeIgniter\Database\BaseConnection->simpleQuery('INSERT INTO `pr...')
#3 C:\xampp\htdocs\pklundhari2023\system\Database\BaseBuilder.php(2309): CodeIgniter\Database\BaseConnection->query('INSERT INTO `pr...', Array, false)
#4 C:\xampp\htdocs\pklundhari2023\app\Models\ProductModel.php(16): CodeIgniter\Database\BaseBuilder->insert(Array)
#5 C:\xampp\htdocs\pklundhari2023\app\Controllers\Product.php(42): App\Models\ProductModel->insert_product(Array)
#6 C:\xampp\htdocs\pklundhari2023\system\CodeIgniter.php(932): App\Controllers\Product->save()
#7 C:\xampp\htdocs\pklundhari2023\system\CodeIgniter.php(497): CodeIgniter\CodeIgniter->runController(Object(App\Controllers\Product))
#8 C:\xampp\htdocs\pklundhari2023\system\CodeIgniter.php(366): CodeIgniter\CodeIgniter->handleRequest(NULL, Object(Config\Cache), false)
#9 C:\xampp\htdocs\pklundhari2023\public\index.php(67): CodeIgniter\CodeIgniter->run()
#10 {main}
CRITICAL - 2023-08-10 03:32:46 --> Column 'prodcut_name' cannot be null
in SYSTEMPATH\Database\MySQLi\Connection.php on line 295.
 1 SYSTEMPATH\Database\MySQLi\Connection.php(295): mysqli->query('INSERT INTO `product` (`prodcut_name`, `product_description`) VALUES (NULL, \'channel\')', 0)
 2 SYSTEMPATH\Database\BaseConnection.php(692): CodeIgniter\Database\MySQLi\Connection->execute('INSERT INTO `product` (`prodcut_name`, `product_description`) VALUES (NULL, \'channel\')')
 3 SYSTEMPATH\Database\BaseConnection.php(606): CodeIgniter\Database\BaseConnection->simpleQuery('INSERT INTO `product` (`prodcut_name`, `product_description`) VALUES (NULL, \'channel\')')
 4 SYSTEMPATH\Database\BaseBuilder.php(2309): CodeIgniter\Database\BaseConnection->query('INSERT INTO `product` (`prodcut_name`, `product_description`) VALUES (:prodcut_name:, :product_description:)', [...], false)
 5 APPPATH\Models\ProductModel.php(16): CodeIgniter\Database\BaseBuilder->insert([...])
 6 APPPATH\Controllers\Product.php(42): App\Models\ProductModel->insert_product([...])
 7 SYSTEMPATH\CodeIgniter.php(932): App\Controllers\Product->save()
 8 SYSTEMPATH\CodeIgniter.php(497): CodeIgniter\CodeIgniter->runController(Object(App\Controllers\Product))
 9 SYSTEMPATH\CodeIgniter.php(366): CodeIgniter\CodeIgniter->handleRequest(null, Object(Config\Cache), false)
10 FCPATH\index.php(67): CodeIgniter\CodeIgniter->run()
ERROR - 2023-08-10 03:33:43 --> mysqli_sql_exception: Column 'prodcut_name' cannot be null in C:\xampp\htdocs\pklundhari2023\system\Database\MySQLi\Connection.php:295
Stack trace:
#0 C:\xampp\htdocs\pklundhari2023\system\Database\MySQLi\Connection.php(295): mysqli->query('INSERT INTO `pr...', 0)
#1 C:\xampp\htdocs\pklundhari2023\system\Database\BaseConnection.php(692): CodeIgniter\Database\MySQLi\Connection->execute('INSERT INTO `pr...')
#2 C:\xampp\htdocs\pklundhari2023\system\Database\BaseConnection.php(606): CodeIgniter\Database\BaseConnection->simpleQuery('INSERT INTO `pr...')
#3 C:\xampp\htdocs\pklundhari2023\system\Database\BaseBuilder.php(2309): CodeIgniter\Database\BaseConnection->query('INSERT INTO `pr...', Array, false)
#4 C:\xampp\htdocs\pklundhari2023\app\Models\ProductModel.php(16): CodeIgniter\Database\BaseBuilder->insert(Array)
#5 C:\xampp\htdocs\pklundhari2023\app\Controllers\Product.php(42): App\Models\ProductModel->insert_product(Array)
#6 C:\xampp\htdocs\pklundhari2023\system\CodeIgniter.php(932): App\Controllers\Product->save()
#7 C:\xampp\htdocs\pklundhari2023\system\CodeIgniter.php(497): CodeIgniter\CodeIgniter->runController(Object(App\Controllers\Product))
#8 C:\xampp\htdocs\pklundhari2023\system\CodeIgniter.php(366): CodeIgniter\CodeIgniter->handleRequest(NULL, Object(Config\Cache), false)
#9 C:\xampp\htdocs\pklundhari2023\public\index.php(67): CodeIgniter\CodeIgniter->run()
#10 {main}
CRITICAL - 2023-08-10 03:33:43 --> Column 'prodcut_name' cannot be null
in SYSTEMPATH\Database\MySQLi\Connection.php on line 295.
 1 SYSTEMPATH\Database\MySQLi\Connection.php(295): mysqli->query('INSERT INTO `product` (`prodcut_name`, `product_description`) VALUES (NULL, \'channel\')', 0)
 2 SYSTEMPATH\Database\BaseConnection.php(692): CodeIgniter\Database\MySQLi\Connection->execute('INSERT INTO `product` (`prodcut_name`, `product_description`) VALUES (NULL, \'channel\')')
 3 SYSTEMPATH\Database\BaseConnection.php(606): CodeIgniter\Database\BaseConnection->simpleQuery('INSERT INTO `product` (`prodcut_name`, `product_description`) VALUES (NULL, \'channel\')')
 4 SYSTEMPATH\Database\BaseBuilder.php(2309): CodeIgniter\Database\BaseConnection->query('INSERT INTO `product` (`prodcut_name`, `product_description`) VALUES (:prodcut_name:, :product_description:)', [...], false)
 5 APPPATH\Models\ProductModel.php(16): CodeIgniter\Database\BaseBuilder->insert([...])
 6 APPPATH\Controllers\Product.php(42): App\Models\ProductModel->insert_product([...])
 7 SYSTEMPATH\CodeIgniter.php(932): App\Controllers\Product->save()
 8 SYSTEMPATH\CodeIgniter.php(497): CodeIgniter\CodeIgniter->runController(Object(App\Controllers\Product))
 9 SYSTEMPATH\CodeIgniter.php(366): CodeIgniter\CodeIgniter->handleRequest(null, Object(Config\Cache), false)
10 FCPATH\index.php(67): CodeIgniter\CodeIgniter->run()
ERROR - 2023-08-10 03:35:53 --> mysqli_sql_exception: Column 'prodcut_name' cannot be null in C:\xampp\htdocs\pklundhari2023\system\Database\MySQLi\Connection.php:295
Stack trace:
#0 C:\xampp\htdocs\pklundhari2023\system\Database\MySQLi\Connection.php(295): mysqli->query('INSERT INTO `pr...', 0)
#1 C:\xampp\htdocs\pklundhari2023\system\Database\BaseConnection.php(692): CodeIgniter\Database\MySQLi\Connection->execute('INSERT INTO `pr...')
#2 C:\xampp\htdocs\pklundhari2023\system\Database\BaseConnection.php(606): CodeIgniter\Database\BaseConnection->simpleQuery('INSERT INTO `pr...')
#3 C:\xampp\htdocs\pklundhari2023\system\Database\BaseBuilder.php(2309): CodeIgniter\Database\BaseConnection->query('INSERT INTO `pr...', Array, false)
#4 C:\xampp\htdocs\pklundhari2023\app\Models\ProductModel.php(16): CodeIgniter\Database\BaseBuilder->insert(Array)
#5 C:\xampp\htdocs\pklundhari2023\app\Controllers\Product.php(42): App\Models\ProductModel->insert_product(Array)
#6 C:\xampp\htdocs\pklundhari2023\system\CodeIgniter.php(932): App\Controllers\Product->save()
#7 C:\xampp\htdocs\pklundhari2023\system\CodeIgniter.php(497): CodeIgniter\CodeIgniter->runController(Object(App\Controllers\Product))
#8 C:\xampp\htdocs\pklundhari2023\system\CodeIgniter.php(366): CodeIgniter\CodeIgniter->handleRequest(NULL, Object(Config\Cache), false)
#9 C:\xampp\htdocs\pklundhari2023\public\index.php(67): CodeIgniter\CodeIgniter->run()
#10 {main}
CRITICAL - 2023-08-10 03:35:53 --> Column 'prodcut_name' cannot be null
in SYSTEMPATH\Database\MySQLi\Connection.php on line 295.
 1 SYSTEMPATH\Database\MySQLi\Connection.php(295): mysqli->query('INSERT INTO `product` (`prodcut_name`, `product_description`) VALUES (NULL, \'fghjk\')', 0)
 2 SYSTEMPATH\Database\BaseConnection.php(692): CodeIgniter\Database\MySQLi\Connection->execute('INSERT INTO `product` (`prodcut_name`, `product_description`) VALUES (NULL, \'fghjk\')')
 3 SYSTEMPATH\Database\BaseConnection.php(606): CodeIgniter\Database\BaseConnection->simpleQuery('INSERT INTO `product` (`prodcut_name`, `product_description`) VALUES (NULL, \'fghjk\')')
 4 SYSTEMPATH\Database\BaseBuilder.php(2309): CodeIgniter\Database\BaseConnection->query('INSERT INTO `product` (`prodcut_name`, `product_description`) VALUES (:prodcut_name:, :product_description:)', [...], false)
 5 APPPATH\Models\ProductModel.php(16): CodeIgniter\Database\BaseBuilder->insert([...])
 6 APPPATH\Controllers\Product.php(42): App\Models\ProductModel->insert_product([...])
 7 SYSTEMPATH\CodeIgniter.php(932): App\Controllers\Product->save()
 8 SYSTEMPATH\CodeIgniter.php(497): CodeIgniter\CodeIgniter->runController(Object(App\Controllers\Product))
 9 SYSTEMPATH\CodeIgniter.php(366): CodeIgniter\CodeIgniter->handleRequest(null, Object(Config\Cache), false)
10 FCPATH\index.php(67): CodeIgniter\CodeIgniter->run()
