INFO - 2023-08-14 01:30:30 --> Session: Class initialized using 'CodeIgniter\Session\Handlers\FileHandler' driver.
INFO - 2023-08-14 01:30:40 --> Session: Class initialized using 'CodeIgniter\Session\Handlers\FileHandler' driver.
CRITICAL - 2023-08-14 01:30:44 --> Trying to access array offset on value of type null
in APPPATH\Views\product\v_edit.php on line 10.
 1 APPPATH\Views\product\v_edit.php(10): CodeIgniter\Debug\Exceptions->errorHandler(2, 'Trying to access array offset on value of type null', 'C:\\xampp\\htdocs\\pklundhari2023\\app\\Views\\product\\v_edit.php', 10)
 2 SYSTEMPATH\View\View.php(224): include('C:\\xampp\\htdocs\\pklundhari2023\\app\\Views\\product\\v_edit.php')
 3 SYSTEMPATH\View\View.php(227): CodeIgniter\View\View->CodeIgniter\View\{closure}()
 4 SYSTEMPATH\Common.php(1176): CodeIgniter\View\View->render('product/v_edit', [], true)
 5 APPPATH\Views\layout\v_content.php(5): view('product/v_edit')
 6 SYSTEMPATH\View\View.php(224): include('C:\\xampp\\htdocs\\pklundhari2023\\app\\Views\\layout\\v_content.php')
 7 SYSTEMPATH\View\View.php(227): CodeIgniter\View\View->CodeIgniter\View\{closure}()
 8 SYSTEMPATH\Common.php(1176): CodeIgniter\View\View->render('layout/v_content.php', [], true)
 9 APPPATH\Views\layout\v_wrapper.php(5): view('layout/v_content.php')
10 SYSTEMPATH\View\View.php(224): include('C:\\xampp\\htdocs\\pklundhari2023\\app\\Views\\layout\\v_wrapper.php')
11 SYSTEMPATH\View\View.php(227): CodeIgniter\View\View->CodeIgniter\View\{closure}()
12 SYSTEMPATH\Common.php(1176): CodeIgniter\View\View->render('layout/v_wrapper', [], true)
13 APPPATH\Controllers\Product.php(53): view('layout/v_wrapper', [...])
14 SYSTEMPATH\CodeIgniter.php(932): App\Controllers\Product->edit('template', 'dist', 'img', 'user1-128x128.jpg')
15 SYSTEMPATH\CodeIgniter.php(497): CodeIgniter\CodeIgniter->runController(Object(App\Controllers\Product))
16 SYSTEMPATH\CodeIgniter.php(366): CodeIgniter\CodeIgniter->handleRequest(null, Object(Config\Cache), false)
17 FCPATH\index.php(67): CodeIgniter\CodeIgniter->run()
CRITICAL - 2023-08-14 01:30:44 --> Trying to access array offset on value of type null
in APPPATH\Views\product\v_edit.php on line 10.
 1 APPPATH\Views\product\v_edit.php(10): CodeIgniter\Debug\Exceptions->errorHandler(2, 'Trying to access array offset on value of type null', 'C:\\xampp\\htdocs\\pklundhari2023\\app\\Views\\product\\v_edit.php', 10)
 2 SYSTEMPATH\View\View.php(224): include('C:\\xampp\\htdocs\\pklundhari2023\\app\\Views\\product\\v_edit.php')
 3 SYSTEMPATH\View\View.php(227): CodeIgniter\View\View->CodeIgniter\View\{closure}()
 4 SYSTEMPATH\Common.php(1176): CodeIgniter\View\View->render('product/v_edit', [], true)
 5 APPPATH\Views\layout\v_content.php(5): view('product/v_edit')
 6 SYSTEMPATH\View\View.php(224): include('C:\\xampp\\htdocs\\pklundhari2023\\app\\Views\\layout\\v_content.php')
 7 SYSTEMPATH\View\View.php(227): CodeIgniter\View\View->CodeIgniter\View\{closure}()
 8 SYSTEMPATH\Common.php(1176): CodeIgniter\View\View->render('layout/v_content.php', [], true)
 9 APPPATH\Views\layout\v_wrapper.php(5): view('layout/v_content.php')
10 SYSTEMPATH\View\View.php(224): include('C:\\xampp\\htdocs\\pklundhari2023\\app\\Views\\layout\\v_wrapper.php')
11 SYSTEMPATH\View\View.php(227): CodeIgniter\View\View->CodeIgniter\View\{closure}()
12 SYSTEMPATH\Common.php(1176): CodeIgniter\View\View->render('layout/v_wrapper', [], true)
13 APPPATH\Controllers\Product.php(53): view('layout/v_wrapper', [...])
14 SYSTEMPATH\CodeIgniter.php(932): App\Controllers\Product->edit('template', 'dist', 'img', 'user2-160x160.jpg')
15 SYSTEMPATH\CodeIgniter.php(497): CodeIgniter\CodeIgniter->runController(Object(App\Controllers\Product))
16 SYSTEMPATH\CodeIgniter.php(366): CodeIgniter\CodeIgniter->handleRequest(null, Object(Config\Cache), false)
17 FCPATH\index.php(67): CodeIgniter\CodeIgniter->run()
CRITICAL - 2023-08-14 01:30:44 --> Trying to access array offset on value of type null
in APPPATH\Views\product\v_edit.php on line 10.
 1 APPPATH\Views\product\v_edit.php(10): CodeIgniter\Debug\Exceptions->errorHandler(2, 'Trying to access array offset on value of type null', 'C:\\xampp\\htdocs\\pklundhari2023\\app\\Views\\product\\v_edit.php', 10)
 2 SYSTEMPATH\View\View.php(224): include('C:\\xampp\\htdocs\\pklundhari2023\\app\\Views\\product\\v_edit.php')
 3 SYSTEMPATH\View\View.php(227): CodeIgniter\View\View->CodeIgniter\View\{closure}()
 4 SYSTEMPATH\Common.php(1176): CodeIgniter\View\View->render('product/v_edit', [], true)
 5 APPPATH\Views\layout\v_content.php(5): view('product/v_edit')
 6 SYSTEMPATH\View\View.php(224): include('C:\\xampp\\htdocs\\pklundhari2023\\app\\Views\\layout\\v_content.php')
 7 SYSTEMPATH\View\View.php(227): CodeIgniter\View\View->CodeIgniter\View\{closure}()
 8 SYSTEMPATH\Common.php(1176): CodeIgniter\View\View->render('layout/v_content.php', [], true)
 9 APPPATH\Views\layout\v_wrapper.php(5): view('layout/v_content.php')
10 SYSTEMPATH\View\View.php(224): include('C:\\xampp\\htdocs\\pklundhari2023\\app\\Views\\layout\\v_wrapper.php')
11 SYSTEMPATH\View\View.php(227): CodeIgniter\View\View->CodeIgniter\View\{closure}()
12 SYSTEMPATH\Common.php(1176): CodeIgniter\View\View->render('layout/v_wrapper', [], true)
13 APPPATH\Controllers\Product.php(53): view('layout/v_wrapper', [...])
14 SYSTEMPATH\CodeIgniter.php(932): App\Controllers\Product->edit('template', 'dist', 'img', 'AdminLTELogo.png')
15 SYSTEMPATH\CodeIgniter.php(497): CodeIgniter\CodeIgniter->runController(Object(App\Controllers\Product))
16 SYSTEMPATH\CodeIgniter.php(366): CodeIgniter\CodeIgniter->handleRequest(null, Object(Config\Cache), false)
17 FCPATH\index.php(67): CodeIgniter\CodeIgniter->run()
CRITICAL - 2023-08-14 01:30:44 --> Trying to access array offset on value of type null
in APPPATH\Views\product\v_edit.php on line 10.
 1 APPPATH\Views\product\v_edit.php(10): CodeIgniter\Debug\Exceptions->errorHandler(2, 'Trying to access array offset on value of type null', 'C:\\xampp\\htdocs\\pklundhari2023\\app\\Views\\product\\v_edit.php', 10)
 2 SYSTEMPATH\View\View.php(224): include('C:\\xampp\\htdocs\\pklundhari2023\\app\\Views\\product\\v_edit.php')
 3 SYSTEMPATH\View\View.php(227): CodeIgniter\View\View->CodeIgniter\View\{closure}()
 4 SYSTEMPATH\Common.php(1176): CodeIgniter\View\View->render('product/v_edit', [], true)
 5 APPPATH\Views\layout\v_content.php(5): view('product/v_edit')
 6 SYSTEMPATH\View\View.php(224): include('C:\\xampp\\htdocs\\pklundhari2023\\app\\Views\\layout\\v_content.php')
 7 SYSTEMPATH\View\View.php(227): CodeIgniter\View\View->CodeIgniter\View\{closure}()
 8 SYSTEMPATH\Common.php(1176): CodeIgniter\View\View->render('layout/v_content.php', [], true)
 9 APPPATH\Views\layout\v_wrapper.php(5): view('layout/v_content.php')
10 SYSTEMPATH\View\View.php(224): include('C:\\xampp\\htdocs\\pklundhari2023\\app\\Views\\layout\\v_wrapper.php')
11 SYSTEMPATH\View\View.php(227): CodeIgniter\View\View->CodeIgniter\View\{closure}()
12 SYSTEMPATH\Common.php(1176): CodeIgniter\View\View->render('layout/v_wrapper', [], true)
13 APPPATH\Controllers\Product.php(53): view('layout/v_wrapper', [...])
14 SYSTEMPATH\CodeIgniter.php(932): App\Controllers\Product->edit('template', 'dist', 'img', 'user8-128x128.jpg')
15 SYSTEMPATH\CodeIgniter.php(497): CodeIgniter\CodeIgniter->runController(Object(App\Controllers\Product))
16 SYSTEMPATH\CodeIgniter.php(366): CodeIgniter\CodeIgniter->handleRequest(null, Object(Config\Cache), false)
17 FCPATH\index.php(67): CodeIgniter\CodeIgniter->run()
CRITICAL - 2023-08-14 01:30:45 --> Trying to access array offset on value of type null
in APPPATH\Views\product\v_edit.php on line 10.
 1 APPPATH\Views\product\v_edit.php(10): CodeIgniter\Debug\Exceptions->errorHandler(2, 'Trying to access array offset on value of type null', 'C:\\xampp\\htdocs\\pklundhari2023\\app\\Views\\product\\v_edit.php', 10)
 2 SYSTEMPATH\View\View.php(224): include('C:\\xampp\\htdocs\\pklundhari2023\\app\\Views\\product\\v_edit.php')
 3 SYSTEMPATH\View\View.php(227): CodeIgniter\View\View->CodeIgniter\View\{closure}()
 4 SYSTEMPATH\Common.php(1176): CodeIgniter\View\View->render('product/v_edit', [], true)
 5 APPPATH\Views\layout\v_content.php(5): view('product/v_edit')
 6 SYSTEMPATH\View\View.php(224): include('C:\\xampp\\htdocs\\pklundhari2023\\app\\Views\\layout\\v_content.php')
 7 SYSTEMPATH\View\View.php(227): CodeIgniter\View\View->CodeIgniter\View\{closure}()
 8 SYSTEMPATH\Common.php(1176): CodeIgniter\View\View->render('layout/v_content.php', [], true)
 9 APPPATH\Views\layout\v_wrapper.php(5): view('layout/v_content.php')
10 SYSTEMPATH\View\View.php(224): include('C:\\xampp\\htdocs\\pklundhari2023\\app\\Views\\layout\\v_wrapper.php')
11 SYSTEMPATH\View\View.php(227): CodeIgniter\View\View->CodeIgniter\View\{closure}()
12 SYSTEMPATH\Common.php(1176): CodeIgniter\View\View->render('layout/v_wrapper', [], true)
13 APPPATH\Controllers\Product.php(53): view('layout/v_wrapper', [...])
14 SYSTEMPATH\CodeIgniter.php(932): App\Controllers\Product->edit('template', 'dist', 'img', 'user3-128x128.jpg')
15 SYSTEMPATH\CodeIgniter.php(497): CodeIgniter\CodeIgniter->runController(Object(App\Controllers\Product))
16 SYSTEMPATH\CodeIgniter.php(366): CodeIgniter\CodeIgniter->handleRequest(null, Object(Config\Cache), false)
17 FCPATH\index.php(67): CodeIgniter\CodeIgniter->run()
INFO - 2023-08-14 01:30:59 --> Session: Class initialized using 'CodeIgniter\Session\Handlers\FileHandler' driver.
INFO - 2023-08-14 01:30:59 --> Session: Class initialized using 'CodeIgniter\Session\Handlers\FileHandler' driver.
